c:\users\michu\desktop\lets make a platformer in sdl2 old\lets make a platformer in sdl2\debug\vc141.pdb
c:\users\michu\desktop\lets make a platformer in sdl2 old\lets make a platformer in sdl2\debug\vc141.idb
c:\users\michu\desktop\lets make a platformer in sdl2 old\lets make a platformer in sdl2\debug\filemanager.obj
c:\users\michu\desktop\lets make a platformer in sdl2 old\lets make a platformer in sdl2\debug\floatrect.obj
c:\users\michu\desktop\lets make a platformer in sdl2 old\lets make a platformer in sdl2\debug\gameplayscreen.obj
c:\users\michu\desktop\lets make a platformer in sdl2 old\lets make a platformer in sdl2\debug\gamescreen.obj
c:\users\michu\desktop\lets make a platformer in sdl2 old\lets make a platformer in sdl2\debug\inputmanager.obj
c:\users\michu\desktop\lets make a platformer in sdl2 old\lets make a platformer in sdl2\debug\layer.obj
c:\users\michu\desktop\lets make a platformer in sdl2 old\lets make a platformer in sdl2\debug\main.obj
c:\users\michu\desktop\lets make a platformer in sdl2 old\lets make a platformer in sdl2\debug\map.obj
c:\users\michu\desktop\lets make a platformer in sdl2 old\lets make a platformer in sdl2\debug\menumanager.obj
c:\users\michu\desktop\lets make a platformer in sdl2 old\lets make a platformer in sdl2\debug\optionsmanager.obj
c:\users\michu\desktop\lets make a platformer in sdl2 old\lets make a platformer in sdl2\debug\optionsscreen.obj
c:\users\michu\desktop\lets make a platformer in sdl2 old\lets make a platformer in sdl2\debug\player.obj
c:\users\michu\desktop\lets make a platformer in sdl2 old\lets make a platformer in sdl2\debug\screenmanager.obj
c:\users\michu\desktop\lets make a platformer in sdl2 old\lets make a platformer in sdl2\debug\splashscreen.obj
c:\users\michu\desktop\lets make a platformer in sdl2 old\lets make a platformer in sdl2\debug\spritesheetanimation.obj
c:\users\michu\desktop\lets make a platformer in sdl2 old\lets make a platformer in sdl2\debug\text.obj
c:\users\michu\desktop\lets make a platformer in sdl2 old\lets make a platformer in sdl2\debug\texture.obj
c:\users\michu\desktop\lets make a platformer in sdl2 old\lets make a platformer in sdl2\debug\tile.obj
c:\users\michu\desktop\lets make a platformer in sdl2 old\lets make a platformer in sdl2\debug\titlescreen.obj
c:\users\michu\desktop\lets make a platformer in sdl2 old\lets make a platformer in sdl2\debug\xscreen.obj
c:\users\michu\desktop\lets make a platformer in sdl2 old\lets make a platformer in sdl2\debug\animation.obj
c:\users\michu\desktop\lets make a platformer in sdl2 old\lets make a platformer in sdl2\debug\fadeanimation.obj
c:\users\michu\desktop\lets make a platformer in sdl2 old\debug\lets make a platformer in sdl2.ilk
c:\users\michu\desktop\lets make a platformer in sdl2 old\debug\lets make a platformer in sdl2.exe
c:\users\michu\desktop\lets make a platformer in sdl2 old\debug\lets make a platformer in sdl2.pdb
c:\users\michu\desktop\lets make a platformer in sdl2 old\lets make a platformer in sdl2\debug\lets mak.ad55f3e7.tlog\cl.command.1.tlog
c:\users\michu\desktop\lets make a platformer in sdl2 old\lets make a platformer in sdl2\debug\lets mak.ad55f3e7.tlog\cl.read.1.tlog
c:\users\michu\desktop\lets make a platformer in sdl2 old\lets make a platformer in sdl2\debug\lets mak.ad55f3e7.tlog\cl.write.1.tlog
c:\users\michu\desktop\lets make a platformer in sdl2 old\lets make a platformer in sdl2\debug\lets mak.ad55f3e7.tlog\link.command.1.tlog
c:\users\michu\desktop\lets make a platformer in sdl2 old\lets make a platformer in sdl2\debug\lets mak.ad55f3e7.tlog\link.read.1.tlog
c:\users\michu\desktop\lets make a platformer in sdl2 old\lets make a platformer in sdl2\debug\lets mak.ad55f3e7.tlog\link.write.1.tlog
